<?xml version="1.0" encoding="UTF-8"?>
<!-- Generated by org.testng.reporters.JUnitReportReporter -->
<testsuite hostname="DESKTOP-31FBK49" name="testing.AppTest" tests="1" failures="0" timestamp="24 Jun 2020 13:25:34 GMT" time="11.299" errors="0">
  <testcase name="test" time="11.299" classname="testing.AppTest"/>
</testsuite> <!-- testing.AppTest -->
