<?xml version="1.0" encoding="UTF-8"?>
<!-- Generated by org.testng.reporters.JUnitReportReporter -->
<testsuite hostname="DESKTOP-31FBK49" name="testing.AppTest" tests="1" failures="0" timestamp="23 Jun 2020 21:10:38 GMT" time="0.020" errors="0">
  <testcase name="test" time="0.020" classname="testing.AppTest"/>
</testsuite> <!-- testing.AppTest -->
