<?xml version="1.0" encoding="UTF-8"?>
<!-- Generated by org.testng.reporters.JUnitReportReporter -->
<testsuite hostname="DESKTOP-31FBK49" name="testing.AppTest" tests="1" failures="0" timestamp="24 Jun 2020 20:57:35 GMT" time="52.075" errors="0">
  <testcase name="test" time="52.075" classname="testing.AppTest"/>
</testsuite> <!-- testing.AppTest -->
